2026-03-23T15:53:14.643Z [console][error] Uncaught Error: ./components/sections/InventorySection.tsx:205:17
Parsing ecmascript source code failed
  203 |                 onChange={e => setSearchQuery(e.target.value)}/>
  204 |           </div>
> 205 |                 style={{ width: "100%", background: "rgba(255,255,255,0.04)", border: "1.5px solid rgba(255,255,255,0.07)", borderRadius: 14, padding: "12px 16px 12px 42px", fontSize: 13, color: "#f0f0fa", outline: "none", transition: "border-color 0.2s" }}
      |                 ^^^^^
  206 |                 onFocus={e => e.currentTarget.style.borderColor = "rgba(255,255,255,0.18)"}
  207 |                 onBlur={e => e.currentTarget.style.borderColor = "rgba(255,255,255,0.07)"}
  208 |               />

Expected '</', got 'ident'

Import traces:
  Client Component Browser:
    ./components/sections/InventorySection.tsx [Client Component Browser]
    ./components/AdminPanel.tsx [Client Component Browser]
    ./app/page.tsx [Client Component Browser]
    ./app/page.tsx [Server Component]

  Client Component SSR:
    ./components/sections/InventorySection.tsx [Client Component SSR]
    ./components/AdminPanel.tsx [Client Component SSR]
    ./app/page.tsx [Client Component SSR]
    ./app/page.tsx [Server Component]


2026-03-23T15:53:14.648Z [console][error] ./components/sections/InventorySection.tsx:205:17
Parsing ecmascript source code failed
  203 |                 onChange={e => setSearchQuery(e.target.value)}/>
  204 |           </div>
> 205 |                 style={{ width: "100%", background: "rgba(255,255,255,0.04)", border: "1.5px solid rgba(255,255,255,0.07)", borderRadius: 14, padding: "12px 16px 12px 42px", fontSize: 13, color: "#f0f0fa", outline: "none", transition: "border-color 0.2s" }}
      |                 ^^^^^
  206 |                 onFocus={e => e.currentTarget.style.borderColor = "rgba(255,255,255,0.18)"}
  207 |                 onBlur={e => e.currentTarget.style.borderColor = "rgba(255,255,255,0.07)"}
  208 |               />

Expected '</', got 'ident'

Import traces:
  Client Component Browser:
    ./components/sections/InventorySection.tsx [Client Component Browser]
    ./components/AdminPanel.tsx [Client Component Browser]
    ./app/page.tsx [Client Component Browser]
    ./app/page.tsx [Server Component]

  Client Component SSR:
    ./components/sections/InventorySection.tsx [Client Component SSR]
    ./components/AdminPanel.tsx [Client Component SSR]
    ./app/page.tsx [Client Component SSR]
    ./app/page.tsx [Server Component]
2026-03-23T15:53:14.683Z [console][error] ./components/sections/InventorySection.tsx:205:17
Parsing ecmascript source code failed
  203 |                 onChange={e => setSearchQuery(e.target.value)}/>
  204 |           </div>
> 205 |                 style={{ width: "100%", background: "rgba(255,255,255,0.04)", border: "1.5px solid rgba(255,255,255,0.07)", borderRadius: 14, padding: "12px 16px 12px 42px", fontSize: 13, color: "#f0f0fa", outline: "none", transition: "border-color 0.2s" }}
      |                 ^^^^^
  206 |                 onFocus={e => e.currentTarget.style.borderColor = "rgba(255,255,255,0.18)"}
  207 |                 onBlur={e => e.currentTarget.style.borderColor = "rgba(255,255,255,0.07)"}
  208 |               />

Expected '</', got 'ident'

Import traces:
  Client Component Browser:
    ./components/sections/InventorySection.tsx [Client Component Browser]
    ./components/AdminPanel.tsx [Client Component Browser]
    ./app/page.tsx [Client Component Browser]
    ./app/page.tsx [Server Component]

  Client Component SSR:
    ./components/sections/InventorySection.tsx [Client Component SSR]
    ./components/AdminPanel.tsx [Client Component SSR]
    ./app/page.tsx [Client Component SSR]
    ./app/page.tsx [Server Component]
2026-03-23T15:53:14.643Z [console][error] Uncaught Error: ./components/sections/InventorySection.tsx:205:17
Parsing ecmascript source code failed
  203 |                 onChange={e => setSearchQuery(e.target.value)}/>
  204 |           </div>
> 205 |                 style={{ width: "100%", background: "rgba(255,255,255,0.04)", border: "1.5px solid rgba(255,255,255,0.07)", borderRadius: 14, padding: "12px 16px 12px 42px", fontSize: 13, color: "#f0f0fa", outline: "none", transition: "border-color 0.2s" }}
      |                 ^^^^^
  206 |                 onFocus={e => e.currentTarget.style.borderColor = "rgba(255,255,255,0.18)"}
  207 |                 onBlur={e => e.currentTarget.style.borderColor = "rgba(255,255,255,0.07)"}
  208 |               />

Expected '</', got 'ident'

Import traces:
  Client Component Browser:
    ./components/sections/InventorySection.tsx [Client Component Browser]
    ./components/AdminPanel.tsx [Client Component Browser]
    ./app/page.tsx [Client Component Browser]
    ./app/page.tsx [Server Component]

  Client Component SSR:
    ./components/sections/InventorySection.tsx [Client Component SSR]
    ./components/AdminPanel.tsx [Client Component SSR]
    ./app/page.tsx [Client Component SSR]
    ./app/page.tsx [Server Component]


2026-03-23T15:53:14.648Z [console][error] ./components/sections/InventorySection.tsx:205:17
Parsing ecmascript source code failed
  203 |                 onChange={e => setSearchQuery(e.target.value)}/>
  204 |           </div>
> 205 |                 style={{ width: "100%", background: "rgba(255,255,255,0.04)", border: "1.5px solid rgba(255,255,255,0.07)", borderRadius: 14, padding: "12px 16px 12px 42px", fontSize: 13, color: "#f0f0fa", outline: "none", transition: "border-color 0.2s" }}
      |                 ^^^^^
  206 |                 onFocus={e => e.currentTarget.style.borderColor = "rgba(255,255,255,0.18)"}
  207 |                 onBlur={e => e.currentTarget.style.borderColor = "rgba(255,255,255,0.07)"}
  208 |               />

Expected '</', got 'ident'

Import traces:
  Client Component Browser:
    ./components/sections/InventorySection.tsx [Client Component Browser]
    ./components/AdminPanel.tsx [Client Component Browser]
    ./app/page.tsx [Client Component Browser]
    ./app/page.tsx [Server Component]

  Client Component SSR:
    ./components/sections/InventorySection.tsx [Client Component SSR]
    ./components/AdminPanel.tsx [Client Component SSR]
    ./app/page.tsx [Client Component SSR]
    ./app/page.tsx [Server Component]
2026-03-23T15:53:14.683Z [console][error] ./components/sections/InventorySection.tsx:205:17
Parsing ecmascript source code failed
  203 |                 onChange={e => setSearchQuery(e.target.value)}/>
  204 |           </div>
> 205 |                 style={{ width: "100%", background: "rgba(255,255,255,0.04)", border: "1.5px solid rgba(255,255,255,0.07)", borderRadius: 14, padding: "12px 16px 12px 42px", fontSize: 13, color: "#f0f0fa", outline: "none", transition: "border-color 0.2s" }}
      |                 ^^^^^
  206 |                 onFocus={e => e.currentTarget.style.borderColor = "rgba(255,255,255,0.18)"}
  207 |                 onBlur={e => e.currentTarget.style.borderColor = "rgba(255,255,255,0.07)"}
  208 |               />

Expected '</', got 'ident'

Import traces:
  Client Component Browser:
    ./components/sections/InventorySection.tsx [Client Component Browser]
    ./components/AdminPanel.tsx [Client Component Browser]
    ./app/page.tsx [Client Component Browser]
    ./app/page.tsx [Server Component]

  Client Component SSR:
    ./components/sections/InventorySection.tsx [Client Component SSR]
    ./components/AdminPanel.tsx [Client Component SSR]
    ./app/page.tsx [Client Component SSR]
    ./app/page.tsx [Server Component]
2026-04-06T14:58:48.653Z [network][GET 200] /api/cities
  response: [{"id":"ekaterinburg","name":"Екатеринбург","is_default":true,"created_at":"2026-02-27T06:03:59.755Z"},{"id":"kazan","name":"Казань","is_default":true,"created_at":"2026-02-27T06:03:59.755Z"},{"id":"krasnodar","name":"Краснодар","is_default":true,"created_at":"2026-02-27T06:03:59.755Z"},{"id":"moscow","name":"Москва","is_default":true,"created_at":"2026-02-27T06:03:59.755Z"},{"id":"novosibirsk","name":"Новосибирск","is_default":true,"created_at":"2026-02-27T06:03:59.755Z"},{"id":"spb","name":"Санкт-Петербург","is_default":true,"created_at":"2026-02-27T06:03:59.755Z"}]
2026-04-06T14:58:48.957Z [network][GET 200] /api/users
  response: [{"id":"user_1775486835314","name":"стройка,москва","role":"Объект","profession":"Руководитель","login":"1234","allowed_sections":["patrol","shift","posts","photo","apartment","inventory","transport","schedule","fines","requests","employees","conference"],"allowed_cities":["ekaterinburg"],"allowed_companies":["стройка,москва_1775486832725"],"is_admin":false,"created_at":"2026-04-06T14:47:15.607Z"},{"id":"user_1775407701450","name":"ЖК Тест","role":"Объект","profession":"Руководитель","login":"obj5040","allowed_sections":["patrol","shift","posts","photo","apartment","inventory","transport","schedule","fines","requests","employees","conference"],"allowed_cities":["ekaterinburg"],"allowed_companies":["жк_тест_1775407699068"],"is_admin":false,"created_at":"2026-04-05T16:48:21.766Z"},{"id":"u_req_1775165016146","name":"Офис Тест","role":"Офис объекта","profession":"Офис","login":"office_test","allowed_sections":["patrol","shift","posts","photo","apartment","inventory","transport","schedule","fines","requests","team_access"],"allowed_cities":["moscow"],"allowed_companies":["жк_тестовый_1775165016129"],"is_admin":false,"created_at":"2026-04-02T21:23:36.254Z"},{"id":"user_1775065001814","name":"YURIY","role":"","profession":"","login":"YURA50","allowed_sections":["patrol","posts","schedule","transport","fines"],"allowed_cities":["ekaterinburg"],"allowed_companies":["ji_1772175016543"],"is_admin":false,"created_at":"2026-04-01T17:36:42.598Z"},{"id":"test_expenses_1774619642069","name":"Тест Расходы","role":"manager","profession":"Менеджер","login":"test_expenses","allowed_sections":["expenses"],"allowed_cities":[],"allowed_companies":[],"is_admin":false,"created_at":"2026-03-27T13:54:02.280Z"},{"id":"test_requests_1774619636387","name":"Тест Заявки","role":"guard","profession":"Охранник","login":"test_15","allowed_sections":["patrol","shift","posts","photo","apartment","inventory","transport","schedule","fines","requests"],"allowed_cities":["ekaterinburg","kazan","krasnodar"... [truncated]
2026-04-06T14:58:49.223Z [network][GET 200] /api/users
  response: [{"id":"user_1775486835314","name":"стройка,москва","role":"Объект","profession":"Руководитель","login":"1234","allowed_sections":["patrol","shift","posts","photo","apartment","inventory","transport","schedule","fines","requests","employees","conference"],"allowed_cities":["ekaterinburg"],"allowed_companies":["стройка,москва_1775486832725"],"is_admin":false,"created_at":"2026-04-06T14:47:15.607Z"},{"id":"user_1775407701450","name":"ЖК Тест","role":"Объект","profession":"Руководитель","login":"obj5040","allowed_sections":["patrol","shift","posts","photo","apartment","inventory","transport","schedule","fines","requests","employees","conference"],"allowed_cities":["ekaterinburg"],"allowed_companies":["жк_тест_1775407699068"],"is_admin":false,"created_at":"2026-04-05T16:48:21.766Z"},{"id":"u_req_1775165016146","name":"Офис Тест","role":"Офис объекта","profession":"Офис","login":"office_test","allowed_sections":["patrol","shift","posts","photo","apartment","inventory","transport","schedule","fines","requests","team_access"],"allowed_cities":["moscow"],"allowed_companies":["жк_тестовый_1775165016129"],"is_admin":false,"created_at":"2026-04-02T21:23:36.254Z"},{"id":"user_1775065001814","name":"YURIY","role":"","profession":"","login":"YURA50","allowed_sections":["patrol","posts","schedule","transport","fines"],"allowed_cities":["ekaterinburg"],"allowed_companies":["ji_1772175016543"],"is_admin":false,"created_at":"2026-04-01T17:36:42.598Z"},{"id":"test_expenses_1774619642069","name":"Тест Расходы","role":"manager","profession":"Менеджер","login":"test_expenses","allowed_sections":["expenses"],"allowed_cities":[],"allowed_companies":[],"is_admin":false,"created_at":"2026-03-27T13:54:02.280Z"},{"id":"test_requests_1774619636387","name":"Тест Заявки","role":"guard","profession":"Охранник","login":"test_15","allowed_sections":["patrol","shift","posts","photo","apartment","inventory","transport","schedule","fines","requests"],"allowed_cities":["ekaterinburg","kazan","krasnodar"... [truncated]
2026-04-06T14:58:51.036Z [network][GET 200] /api/cities
  response: [{"id":"ekaterinburg","name":"Екатеринбург","is_default":true,"created_at":"2026-02-27T06:03:59.755Z"},{"id":"kazan","name":"Казань","is_default":true,"created_at":"2026-02-27T06:03:59.755Z"},{"id":"krasnodar","name":"Краснодар","is_default":true,"created_at":"2026-02-27T06:03:59.755Z"},{"id":"moscow","name":"Москва","is_default":true,"created_at":"2026-02-27T06:03:59.755Z"},{"id":"novosibirsk","name":"Новосибирск","is_default":true,"created_at":"2026-02-27T06:03:59.755Z"},{"id":"spb","name":"Санкт-Петербург","is_default":true,"created_at":"2026-02-27T06:03:59.755Z"}]
2026-04-06T14:58:51.053Z [network][GET 200] /api/companies
  response: [{"id":"ji_1772175016543","cityId":"ekaterinburg","name":"ji","description":null,"professions_list":null,"employee_count":null,"createdAt":"2026-02-27T06:50:18.235Z"},{"id":"жк_тест_1775406390310","cityId":"ekaterinburg","name":"ЖК Тест","description":"ул. Пушкина, д. Колотушкина","professions_list":null,"employee_count":null,"createdAt":"2026-04-05T16:26:34.057Z"},{"id":"жк_тест_1775407699068","cityId":"ekaterinburg","name":"ЖК Тест","description":"ул. Пушкина, д. Колотушкина","professions_list":null,"employee_count":null,"createdAt":"2026-04-05T16:48:21.409Z"},{"id":"жк_тестовый_1775165016129","cityId":"moscow","name":"ЖК Тестовый","description":"","professions_list":"","employee_count":0,"createdAt":"2026-04-02T21:23:36.134Z"},{"id":"пп_1772835328940","cityId":"kazan","name":"пп","description":"","professions_list":"","employee_count":0,"createdAt":"2026-03-06T22:15:31.137Z"},{"id":"сочи_1774376177384","cityId":"moscow","name":"сочи","description":"","professions_list":"","employee_count":0,"createdAt":"2026-03-24T18:16:22.246Z"},{"id":"сочи_1774376175150","cityId":"moscow","name":"сочи","description":"","professions_list":"","employee_count":0,"createdAt":"2026-03-24T18:16:17.407Z"},{"id":"стройка,москва_1775486832725","cityId":"ekaterinburg","name":"стройка,москва","description":"","professions_list":null,"employee_count":null,"createdAt":"2026-04-06T14:47:15.267Z"},{"id":"хасавюрт_1772833457652","cityId":"ekaterinburg","name":"хасавюрт","description":"","professions_list":"","employee_count":0,"createdAt":"2026-03-06T21:44:20.264Z"},{"id":"хасавюрт_1772833455921","cityId":"ekaterinburg","name":"хасавюрт","description":"","professions_list":"","employee_count":0,"createdAt":"2026-03-06T21:44:18.912Z"}]
2026-04-06T14:58:51.292Z [network][GET 200] /api/cities
  response: [{"id":"ekaterinburg","name":"Екатеринбург","is_default":true,"created_at":"2026-02-27T06:03:59.755Z"},{"id":"kazan","name":"Казань","is_default":true,"created_at":"2026-02-27T06:03:59.755Z"},{"id":"krasnodar","name":"Краснодар","is_default":true,"created_at":"2026-02-27T06:03:59.755Z"},{"id":"moscow","name":"Москва","is_default":true,"created_at":"2026-02-27T06:03:59.755Z"},{"id":"novosibirsk","name":"Новосибирск","is_default":true,"created_at":"2026-02-27T06:03:59.755Z"},{"id":"spb","name":"Санкт-Петербург","is_default":true,"created_at":"2026-02-27T06:03:59.755Z"}]
2026-04-06T14:58:51.317Z [network][GET 200] /api/companies
  response: [{"id":"ji_1772175016543","cityId":"ekaterinburg","name":"ji","description":null,"professions_list":null,"employee_count":null,"createdAt":"2026-02-27T06:50:18.235Z"},{"id":"жк_тест_1775406390310","cityId":"ekaterinburg","name":"ЖК Тест","description":"ул. Пушкина, д. Колотушкина","professions_list":null,"employee_count":null,"createdAt":"2026-04-05T16:26:34.057Z"},{"id":"жк_тест_1775407699068","cityId":"ekaterinburg","name":"ЖК Тест","description":"ул. Пушкина, д. Колотушкина","professions_list":null,"employee_count":null,"createdAt":"2026-04-05T16:48:21.409Z"},{"id":"жк_тестовый_1775165016129","cityId":"moscow","name":"ЖК Тестовый","description":"","professions_list":"","employee_count":0,"createdAt":"2026-04-02T21:23:36.134Z"},{"id":"пп_1772835328940","cityId":"kazan","name":"пп","description":"","professions_list":"","employee_count":0,"createdAt":"2026-03-06T22:15:31.137Z"},{"id":"сочи_1774376177384","cityId":"moscow","name":"сочи","description":"","professions_list":"","employee_count":0,"createdAt":"2026-03-24T18:16:22.246Z"},{"id":"сочи_1774376175150","cityId":"moscow","name":"сочи","description":"","professions_list":"","employee_count":0,"createdAt":"2026-03-24T18:16:17.407Z"},{"id":"стройка,москва_1775486832725","cityId":"ekaterinburg","name":"стройка,москва","description":"","professions_list":null,"employee_count":null,"createdAt":"2026-04-06T14:47:15.267Z"},{"id":"хасавюрт_1772833457652","cityId":"ekaterinburg","name":"хасавюрт","description":"","professions_list":"","employee_count":0,"createdAt":"2026-03-06T21:44:20.264Z"},{"id":"хасавюрт_1772833455921","cityId":"ekaterinburg","name":"хасавюрт","description":"","professions_list":"","employee_count":0,"createdAt":"2026-03-06T21:44:18.912Z"}]
